<?xml version="1.0" encoding="UTF-8"?>
<packages>
    <package>
        <packageName>mozilla-firefox</packageName>
        <version>1.0.1-20240919</version>
        <sha256>518d77d527c886f5422575115da9bbb5481a4ccb1df8c6210539f1828961929a</sha256>
        <url>https://download-installer.cdn.mozilla.net/pub/firefox/releases/124.0.1/win64/en-US/Firefox%20Setup%20124.0.1.exe</url>
    </package>
</packages>